{"/Users/ds/Desktop/partner-cert-dashboard/src/components/cert-dashboard/certDashboard.jsx": {"path":"/Users/ds/Desktop/partner-cert-dashboard/src/components/cert-dashboard/certDashboard.jsx","statementMap":{"0":{"start":{"line":10,"column":4},"end":{"line":10,"column":17}},"1":{"start":{"line":11,"column":4},"end":{"line":36,"column":6}},"2":{"start":{"line":38,"column":4},"end":{"line":38,"column":51}},"3":{"start":{"line":39,"column":4},"end":{"line":39,"column":63}},"4":{"start":{"line":40,"column":4},"end":{"line":40,"column":69}},"5":{"start":{"line":41,"column":4},"end":{"line":41,"column":69}},"6":{"start":{"line":45,"column":4},"end":{"line":56,"column":9}},"7":{"start":{"line":51,"column":8},"end":{"line":51,"column":40}},"8":{"start":{"line":52,"column":8},"end":{"line":52,"column":56}},"9":{"start":{"line":55,"column":8},"end":{"line":55,"column":64}},"10":{"start":{"line":60,"column":25},"end":{"line":60,"column":27}},"11":{"start":{"line":61,"column":27},"end":{"line":68,"column":13}},"12":{"start":{"line":62,"column":6},"end":{"line":65,"column":7}},"13":{"start":{"line":63,"column":8},"end":{"line":63,"column":47}},"14":{"start":{"line":64,"column":8},"end":{"line":64,"column":20}},"15":{"start":{"line":67,"column":6},"end":{"line":67,"column":19}},"16":{"start":{"line":70,"column":27},"end":{"line":72,"column":13}},"17":{"start":{"line":71,"column":6},"end":{"line":71,"column":93}},"18":{"start":{"line":74,"column":30},"end":{"line":74,"column":61}},"19":{"start":{"line":77,"column":31},"end":{"line":77,"column":63}},"20":{"start":{"line":78,"column":4},"end":{"line":78,"column":46}},"21":{"start":{"line":79,"column":4},"end":{"line":79,"column":58}},"22":{"start":{"line":82,"column":31},"end":{"line":82,"column":63}},"23":{"start":{"line":83,"column":4},"end":{"line":83,"column":46}},"24":{"start":{"line":84,"column":4},"end":{"line":84,"column":58}},"25":{"start":{"line":87,"column":34},"end":{"line":87,"column":69}},"26":{"start":{"line":88,"column":4},"end":{"line":88,"column":52}},"27":{"start":{"line":89,"column":4},"end":{"line":89,"column":64}},"28":{"start":{"line":91,"column":4},"end":{"line":91,"column":36}},"29":{"start":{"line":96,"column":4},"end":{"line":109,"column":9}},"30":{"start":{"line":101,"column":20},"end":{"line":101,"column":33}},"31":{"start":{"line":102,"column":33},"end":{"line":104,"column":10}},"32":{"start":{"line":103,"column":10},"end":{"line":103,"column":37}},"33":{"start":{"line":105,"column":8},"end":{"line":105,"column":52}},"34":{"start":{"line":108,"column":8},"end":{"line":108,"column":57}},"35":{"start":{"line":114,"column":27},"end":{"line":114,"column":29}},"36":{"start":{"line":116,"column":4},"end":{"line":147,"column":5}},"37":{"start":{"line":117,"column":33},"end":{"line":117,"column":86}},"38":{"start":{"line":117,"column":54},"end":{"line":117,"column":85}},"39":{"start":{"line":119,"column":6},"end":{"line":146,"column":11}},"40":{"start":{"line":124,"column":24},"end":{"line":124,"column":26}},"41":{"start":{"line":125,"column":10},"end":{"line":125,"column":45}},"42":{"start":{"line":127,"column":30},"end":{"line":127,"column":46}},"43":{"start":{"line":128,"column":10},"end":{"line":128,"column":50}},"44":{"start":{"line":130,"column":10},"end":{"line":142,"column":15}},"45":{"start":{"line":135,"column":35},"end":{"line":135,"column":52}},"46":{"start":{"line":136,"column":14},"end":{"line":136,"column":54}},"47":{"start":{"line":137,"column":14},"end":{"line":137,"column":41}},"48":{"start":{"line":138,"column":14},"end":{"line":138,"column":86}},"49":{"start":{"line":141,"column":14},"end":{"line":141,"column":69}},"50":{"start":{"line":145,"column":10},"end":{"line":145,"column":65}},"51":{"start":{"line":151,"column":18},"end":{"line":151,"column":20}},"52":{"start":{"line":152,"column":4},"end":{"line":176,"column":5}},"53":{"start":{"line":153,"column":6},"end":{"line":162,"column":9}},"54":{"start":{"line":154,"column":21},"end":{"line":154,"column":26}},"55":{"start":{"line":155,"column":8},"end":{"line":159,"column":11}},"56":{"start":{"line":156,"column":10},"end":{"line":158,"column":11}},"57":{"start":{"line":157,"column":12},"end":{"line":157,"column":26}},"58":{"start":{"line":161,"column":8},"end":{"line":161,"column":22}},"59":{"start":{"line":163,"column":11},"end":{"line":176,"column":5}},"60":{"start":{"line":164,"column":6},"end":{"line":173,"column":9}},"61":{"start":{"line":165,"column":21},"end":{"line":165,"column":26}},"62":{"start":{"line":166,"column":8},"end":{"line":170,"column":11}},"63":{"start":{"line":167,"column":10},"end":{"line":169,"column":11}},"64":{"start":{"line":168,"column":12},"end":{"line":168,"column":26}},"65":{"start":{"line":172,"column":8},"end":{"line":172,"column":22}},"66":{"start":{"line":175,"column":6},"end":{"line":175,"column":42}},"67":{"start":{"line":178,"column":4},"end":{"line":178,"column":53}},"68":{"start":{"line":182,"column":4},"end":{"line":195,"column":6}},"69":{"start":{"line":185,"column":45},"end":{"line":185,"column":79}}},"fnMap":{"0":{"name":"(anonymous_0)","decl":{"start":{"line":9,"column":2},"end":{"line":9,"column":3}},"loc":{"start":{"line":9,"column":21},"end":{"line":42,"column":3}},"line":9},"1":{"name":"(anonymous_1)","decl":{"start":{"line":44,"column":2},"end":{"line":44,"column":3}},"loc":{"start":{"line":44,"column":23},"end":{"line":57,"column":3}},"line":44},"2":{"name":"(anonymous_2)","decl":{"start":{"line":50,"column":12},"end":{"line":50,"column":13}},"loc":{"start":{"line":50,"column":26},"end":{"line":53,"column":7}},"line":50},"3":{"name":"(anonymous_3)","decl":{"start":{"line":54,"column":13},"end":{"line":54,"column":14}},"loc":{"start":{"line":54,"column":24},"end":{"line":56,"column":7}},"line":54},"4":{"name":"(anonymous_4)","decl":{"start":{"line":59,"column":2},"end":{"line":59,"column":3}},"loc":{"start":{"line":59,"column":19},"end":{"line":92,"column":3}},"line":59},"5":{"name":"(anonymous_5)","decl":{"start":{"line":61,"column":38},"end":{"line":61,"column":39}},"loc":{"start":{"line":61,"column":54},"end":{"line":68,"column":5}},"line":61},"6":{"name":"(anonymous_6)","decl":{"start":{"line":70,"column":38},"end":{"line":70,"column":39}},"loc":{"start":{"line":70,"column":54},"end":{"line":72,"column":5}},"line":70},"7":{"name":"(anonymous_7)","decl":{"start":{"line":95,"column":2},"end":{"line":95,"column":3}},"loc":{"start":{"line":95,"column":34},"end":{"line":110,"column":3}},"line":95},"8":{"name":"(anonymous_8)","decl":{"start":{"line":100,"column":12},"end":{"line":100,"column":13}},"loc":{"start":{"line":100,"column":26},"end":{"line":106,"column":7}},"line":100},"9":{"name":"(anonymous_9)","decl":{"start":{"line":102,"column":46},"end":{"line":102,"column":47}},"loc":{"start":{"line":102,"column":60},"end":{"line":104,"column":9}},"line":102},"10":{"name":"(anonymous_10)","decl":{"start":{"line":107,"column":13},"end":{"line":107,"column":14}},"loc":{"start":{"line":107,"column":24},"end":{"line":109,"column":7}},"line":107},"11":{"name":"(anonymous_11)","decl":{"start":{"line":113,"column":2},"end":{"line":113,"column":3}},"loc":{"start":{"line":113,"column":41},"end":{"line":148,"column":3}},"line":113},"12":{"name":"(anonymous_12)","decl":{"start":{"line":117,"column":45},"end":{"line":117,"column":46}},"loc":{"start":{"line":117,"column":54},"end":{"line":117,"column":85}},"line":117},"13":{"name":"(anonymous_13)","decl":{"start":{"line":123,"column":14},"end":{"line":123,"column":15}},"loc":{"start":{"line":123,"column":28},"end":{"line":143,"column":9}},"line":123},"14":{"name":"(anonymous_14)","decl":{"start":{"line":134,"column":18},"end":{"line":134,"column":19}},"loc":{"start":{"line":134,"column":33},"end":{"line":139,"column":13}},"line":134},"15":{"name":"(anonymous_15)","decl":{"start":{"line":140,"column":19},"end":{"line":140,"column":20}},"loc":{"start":{"line":140,"column":30},"end":{"line":142,"column":13}},"line":140},"16":{"name":"(anonymous_16)","decl":{"start":{"line":144,"column":15},"end":{"line":144,"column":16}},"loc":{"start":{"line":144,"column":26},"end":{"line":146,"column":9}},"line":144},"17":{"name":"(anonymous_17)","decl":{"start":{"line":150,"column":2},"end":{"line":150,"column":3}},"loc":{"start":{"line":150,"column":32},"end":{"line":179,"column":3}},"line":150},"18":{"name":"(anonymous_18)","decl":{"start":{"line":153,"column":49},"end":{"line":153,"column":50}},"loc":{"start":{"line":153,"column":65},"end":{"line":162,"column":7}},"line":153},"19":{"name":"(anonymous_19)","decl":{"start":{"line":155,"column":29},"end":{"line":155,"column":30}},"loc":{"start":{"line":155,"column":39},"end":{"line":159,"column":9}},"line":155},"20":{"name":"(anonymous_20)","decl":{"start":{"line":164,"column":49},"end":{"line":164,"column":50}},"loc":{"start":{"line":164,"column":65},"end":{"line":173,"column":7}},"line":164},"21":{"name":"(anonymous_21)","decl":{"start":{"line":166,"column":29},"end":{"line":166,"column":30}},"loc":{"start":{"line":166,"column":39},"end":{"line":170,"column":9}},"line":166},"22":{"name":"(anonymous_22)","decl":{"start":{"line":181,"column":2},"end":{"line":181,"column":3}},"loc":{"start":{"line":181,"column":11},"end":{"line":196,"column":3}},"line":181},"23":{"name":"(anonymous_23)","decl":{"start":{"line":185,"column":32},"end":{"line":185,"column":33}},"loc":{"start":{"line":185,"column":45},"end":{"line":185,"column":79}},"line":185}},"branchMap":{"0":{"loc":{"start":{"line":62,"column":6},"end":{"line":65,"column":7}},"type":"if","locations":[{"start":{"line":62,"column":6},"end":{"line":65,"column":7}},{"start":{"line":62,"column":6},"end":{"line":65,"column":7}}],"line":62},"1":{"loc":{"start":{"line":71,"column":13},"end":{"line":71,"column":92}},"type":"binary-expr","locations":[{"start":{"line":71,"column":13},"end":{"line":71,"column":46}},{"start":{"line":71,"column":50},"end":{"line":71,"column":92}}],"line":71},"2":{"loc":{"start":{"line":152,"column":4},"end":{"line":176,"column":5}},"type":"if","locations":[{"start":{"line":152,"column":4},"end":{"line":176,"column":5}},{"start":{"line":152,"column":4},"end":{"line":176,"column":5}}],"line":152},"3":{"loc":{"start":{"line":156,"column":10},"end":{"line":158,"column":11}},"type":"if","locations":[{"start":{"line":156,"column":10},"end":{"line":158,"column":11}},{"start":{"line":156,"column":10},"end":{"line":158,"column":11}}],"line":156},"4":{"loc":{"start":{"line":156,"column":14},"end":{"line":156,"column":75}},"type":"binary-expr","locations":[{"start":{"line":156,"column":14},"end":{"line":156,"column":46}},{"start":{"line":156,"column":50},"end":{"line":156,"column":75}}],"line":156},"5":{"loc":{"start":{"line":163,"column":11},"end":{"line":176,"column":5}},"type":"if","locations":[{"start":{"line":163,"column":11},"end":{"line":176,"column":5}},{"start":{"line":163,"column":11},"end":{"line":176,"column":5}}],"line":163},"6":{"loc":{"start":{"line":167,"column":10},"end":{"line":169,"column":11}},"type":"if","locations":[{"start":{"line":167,"column":10},"end":{"line":169,"column":11}},{"start":{"line":167,"column":10},"end":{"line":169,"column":11}}],"line":167},"7":{"loc":{"start":{"line":167,"column":14},"end":{"line":167,"column":76}},"type":"binary-expr","locations":[{"start":{"line":167,"column":14},"end":{"line":167,"column":46}},{"start":{"line":167,"column":50},"end":{"line":167,"column":76}}],"line":167}},"s":{"0":9,"1":9,"2":9,"3":9,"4":9,"5":9,"6":9,"7":8,"8":8,"9":1,"10":8,"11":8,"12":16,"13":8,"14":8,"15":8,"16":8,"17":16,"18":8,"19":8,"20":8,"21":8,"22":8,"23":8,"24":8,"25":8,"26":8,"27":8,"28":8,"29":8,"30":7,"31":7,"32":21,"33":7,"34":1,"35":7,"36":7,"37":7,"38":21,"39":7,"40":6,"41":6,"42":6,"43":6,"44":6,"45":5,"46":5,"47":5,"48":5,"49":1,"50":1,"51":9,"52":9,"53":1,"54":1,"55":1,"56":3,"57":1,"58":1,"59":8,"60":2,"61":2,"62":2,"63":6,"64":1,"65":2,"66":6,"67":9,"68":63,"69":0},"f":{"0":9,"1":9,"2":8,"3":1,"4":8,"5":16,"6":16,"7":8,"8":7,"9":21,"10":1,"11":7,"12":21,"13":6,"14":5,"15":1,"16":1,"17":9,"18":1,"19":3,"20":2,"21":6,"22":63,"23":0},"b":{"0":[8,8],"1":[16,8],"2":[1,8],"3":[1,2],"4":[3,1],"5":[2,6],"6":[1,5],"7":[6,2]},"_coverageSchema":"43e27e138ebf9cfc5966b082cf9a028302ed4184","hash":"0c61e39091144588df3b4c24196ca73b4aaae576"}
,"/Users/ds/Desktop/partner-cert-dashboard/src/components/cert-details/certDetails.jsx": {"path":"/Users/ds/Desktop/partner-cert-dashboard/src/components/cert-details/certDetails.jsx","statementMap":{"0":{"start":{"line":11,"column":4},"end":{"line":11,"column":12}},"1":{"start":{"line":12,"column":4},"end":{"line":12,"column":47}},"2":{"start":{"line":13,"column":4},"end":{"line":13,"column":53}},"3":{"start":{"line":17,"column":4},"end":{"line":17,"column":27}},"4":{"start":{"line":22,"column":17},"end":{"line":22,"column":41}},"5":{"start":{"line":23,"column":4},"end":{"line":47,"column":9}},"6":{"start":{"line":33,"column":8},"end":{"line":43,"column":9}},"7":{"start":{"line":34,"column":27},"end":{"line":34,"column":40}},"8":{"start":{"line":36,"column":23},"end":{"line":36,"column":86}},"9":{"start":{"line":37,"column":22},"end":{"line":37,"column":47}},"10":{"start":{"line":38,"column":23},"end":{"line":38,"column":50}},"11":{"start":{"line":39,"column":10},"end":{"line":39,"column":42}},"12":{"start":{"line":40,"column":10},"end":{"line":40,"column":26}},"13":{"start":{"line":41,"column":10},"end":{"line":41,"column":23}},"14":{"start":{"line":42,"column":10},"end":{"line":42,"column":66}},"15":{"start":{"line":46,"column":8},"end":{"line":46,"column":67}},"16":{"start":{"line":51,"column":35},"end":{"line":148,"column":5}},"17":{"start":{"line":150,"column":4},"end":{"line":258,"column":6}},"18":{"start":{"line":236,"column":31},"end":{"line":236,"column":71}}},"fnMap":{"0":{"name":"(anonymous_0)","decl":{"start":{"line":10,"column":2},"end":{"line":10,"column":3}},"loc":{"start":{"line":10,"column":16},"end":{"line":14,"column":3}},"line":10},"1":{"name":"(anonymous_1)","decl":{"start":{"line":16,"column":2},"end":{"line":16,"column":3}},"loc":{"start":{"line":16,"column":14},"end":{"line":18,"column":3}},"line":16},"2":{"name":"(anonymous_2)","decl":{"start":{"line":21,"column":2},"end":{"line":21,"column":3}},"loc":{"start":{"line":21,"column":22},"end":{"line":48,"column":3}},"line":21},"3":{"name":"(anonymous_3)","decl":{"start":{"line":32,"column":12},"end":{"line":32,"column":13}},"loc":{"start":{"line":32,"column":26},"end":{"line":44,"column":7}},"line":32},"4":{"name":"(anonymous_4)","decl":{"start":{"line":45,"column":13},"end":{"line":45,"column":14}},"loc":{"start":{"line":45,"column":24},"end":{"line":47,"column":7}},"line":45},"5":{"name":"(anonymous_5)","decl":{"start":{"line":50,"column":2},"end":{"line":50,"column":3}},"loc":{"start":{"line":50,"column":11},"end":{"line":259,"column":3}},"line":50},"6":{"name":"(anonymous_6)","decl":{"start":{"line":236,"column":25},"end":{"line":236,"column":26}},"loc":{"start":{"line":236,"column":31},"end":{"line":236,"column":71}},"line":236}},"branchMap":{"0":{"loc":{"start":{"line":33,"column":8},"end":{"line":43,"column":9}},"type":"if","locations":[{"start":{"line":33,"column":8},"end":{"line":43,"column":9}},{"start":{"line":33,"column":8},"end":{"line":43,"column":9}}],"line":33},"1":{"loc":{"start":{"line":33,"column":12},"end":{"line":33,"column":53}},"type":"binary-expr","locations":[{"start":{"line":33,"column":12},"end":{"line":33,"column":25}},{"start":{"line":33,"column":29},"end":{"line":33,"column":53}}],"line":33},"2":{"loc":{"start":{"line":51,"column":35},"end":{"line":148,"column":5}},"type":"cond-expr","locations":[{"start":{"line":53,"column":8},"end":{"line":53,"column":12}},{"start":{"line":54,"column":6},"end":{"line":147,"column":12}}],"line":51},"3":{"loc":{"start":{"line":52,"column":6},"end":{"line":52,"column":86}},"type":"binary-expr","locations":[{"start":{"line":52,"column":6},"end":{"line":52,"column":40}},{"start":{"line":52,"column":44},"end":{"line":52,"column":86}}],"line":52},"4":{"loc":{"start":{"line":64,"column":19},"end":{"line":66,"column":24}},"type":"cond-expr","locations":[{"start":{"line":65,"column":22},"end":{"line":65,"column":64}},{"start":{"line":66,"column":22},"end":{"line":66,"column":24}}],"line":64},"5":{"loc":{"start":{"line":64,"column":19},"end":{"line":64,"column":99}},"type":"binary-expr","locations":[{"start":{"line":64,"column":19},"end":{"line":64,"column":53}},{"start":{"line":64,"column":57},"end":{"line":64,"column":99}}],"line":64},"6":{"loc":{"start":{"line":74,"column":19},"end":{"line":76,"column":24}},"type":"cond-expr","locations":[{"start":{"line":75,"column":22},"end":{"line":75,"column":63}},{"start":{"line":76,"column":22},"end":{"line":76,"column":24}}],"line":74},"7":{"loc":{"start":{"line":74,"column":19},"end":{"line":74,"column":98}},"type":"binary-expr","locations":[{"start":{"line":74,"column":19},"end":{"line":74,"column":53}},{"start":{"line":74,"column":57},"end":{"line":74,"column":98}}],"line":74},"8":{"loc":{"start":{"line":84,"column":19},"end":{"line":87,"column":24}},"type":"cond-expr","locations":[{"start":{"line":86,"column":22},"end":{"line":86,"column":72}},{"start":{"line":87,"column":22},"end":{"line":87,"column":24}}],"line":84},"9":{"loc":{"start":{"line":84,"column":19},"end":{"line":85,"column":68}},"type":"binary-expr","locations":[{"start":{"line":84,"column":19},"end":{"line":84,"column":53}},{"start":{"line":85,"column":18},"end":{"line":85,"column":68}}],"line":84},"10":{"loc":{"start":{"line":95,"column":19},"end":{"line":98,"column":24}},"type":"cond-expr","locations":[{"start":{"line":97,"column":22},"end":{"line":97,"column":70}},{"start":{"line":98,"column":22},"end":{"line":98,"column":24}}],"line":95},"11":{"loc":{"start":{"line":95,"column":19},"end":{"line":96,"column":66}},"type":"binary-expr","locations":[{"start":{"line":95,"column":19},"end":{"line":95,"column":53}},{"start":{"line":96,"column":18},"end":{"line":96,"column":66}}],"line":95},"12":{"loc":{"start":{"line":106,"column":19},"end":{"line":109,"column":24}},"type":"cond-expr","locations":[{"start":{"line":108,"column":22},"end":{"line":108,"column":69}},{"start":{"line":109,"column":22},"end":{"line":109,"column":24}}],"line":106},"13":{"loc":{"start":{"line":106,"column":19},"end":{"line":107,"column":79}},"type":"binary-expr","locations":[{"start":{"line":106,"column":19},"end":{"line":106,"column":53}},{"start":{"line":107,"column":18},"end":{"line":107,"column":79}}],"line":106},"14":{"loc":{"start":{"line":117,"column":19},"end":{"line":120,"column":24}},"type":"cond-expr","locations":[{"start":{"line":119,"column":22},"end":{"line":119,"column":72}},{"start":{"line":120,"column":22},"end":{"line":120,"column":24}}],"line":117},"15":{"loc":{"start":{"line":117,"column":19},"end":{"line":118,"column":68}},"type":"binary-expr","locations":[{"start":{"line":117,"column":19},"end":{"line":117,"column":53}},{"start":{"line":118,"column":18},"end":{"line":118,"column":68}}],"line":117},"16":{"loc":{"start":{"line":128,"column":19},"end":{"line":131,"column":24}},"type":"cond-expr","locations":[{"start":{"line":130,"column":22},"end":{"line":130,"column":69}},{"start":{"line":131,"column":22},"end":{"line":131,"column":24}}],"line":128},"17":{"loc":{"start":{"line":128,"column":19},"end":{"line":129,"column":65}},"type":"binary-expr","locations":[{"start":{"line":128,"column":19},"end":{"line":128,"column":53}},{"start":{"line":129,"column":18},"end":{"line":129,"column":65}}],"line":128},"18":{"loc":{"start":{"line":139,"column":19},"end":{"line":141,"column":24}},"type":"cond-expr","locations":[{"start":{"line":140,"column":22},"end":{"line":140,"column":64}},{"start":{"line":141,"column":22},"end":{"line":141,"column":24}}],"line":139},"19":{"loc":{"start":{"line":139,"column":19},"end":{"line":139,"column":99}},"type":"binary-expr","locations":[{"start":{"line":139,"column":19},"end":{"line":139,"column":53}},{"start":{"line":139,"column":57},"end":{"line":139,"column":99}}],"line":139},"20":{"loc":{"start":{"line":164,"column":15},"end":{"line":229,"column":15}},"type":"cond-expr","locations":[{"start":{"line":165,"column":16},"end":{"line":226,"column":22}},{"start":{"line":228,"column":16},"end":{"line":228,"column":24}}],"line":164},"21":{"loc":{"start":{"line":196,"column":29},"end":{"line":197,"column":80}},"type":"binary-expr","locations":[{"start":{"line":196,"column":29},"end":{"line":196,"column":55}},{"start":{"line":197,"column":30},"end":{"line":197,"column":80}}],"line":196},"22":{"loc":{"start":{"line":209,"column":29},"end":{"line":210,"column":79}},"type":"binary-expr","locations":[{"start":{"line":209,"column":29},"end":{"line":209,"column":54}},{"start":{"line":210,"column":30},"end":{"line":210,"column":79}}],"line":209},"23":{"loc":{"start":{"line":238,"column":18},"end":{"line":241,"column":19}},"type":"binary-expr","locations":[{"start":{"line":238,"column":18},"end":{"line":238,"column":53}},{"start":{"line":239,"column":18},"end":{"line":241,"column":19}}],"line":238}},"s":{"0":6,"1":6,"2":6,"3":2,"4":4,"5":4,"6":3,"7":2,"8":2,"9":2,"10":2,"11":2,"12":2,"13":2,"14":2,"15":1,"16":7,"17":7,"18":1},"f":{"0":6,"1":2,"2":4,"3":3,"4":1,"5":7,"6":1},"b":{"0":[2,1],"1":[3,2],"2":[0,7],"3":[7,7],"4":[7,0],"5":[7,7],"6":[7,0],"7":[7,7],"8":[7,0],"9":[7,7],"10":[7,0],"11":[7,7],"12":[7,0],"13":[7,7],"14":[7,0],"15":[7,7],"16":[7,0],"17":[7,7],"18":[7,0],"19":[7,7],"20":[7,0],"21":[7,7],"22":[7,7],"23":[7,7]},"_coverageSchema":"43e27e138ebf9cfc5966b082cf9a028302ed4184","hash":"7e728b75ed486e2e1381c38d2ecb76befcef8e1c"}
,"/Users/ds/Desktop/partner-cert-dashboard/src/components/fileUpload/fileUploadModal.js": {"path":"/Users/ds/Desktop/partner-cert-dashboard/src/components/fileUpload/fileUploadModal.js","statementMap":{},"fnMap":{},"branchMap":{},"s":{},"f":{},"b":{},"hash":"428fe6e6248b4a7e732a9b00df054f3ce4e809d8"}
,"/Users/ds/Desktop/partner-cert-dashboard/src/components/search-Certificate/SearchCertificates.js": {"path":"/Users/ds/Desktop/partner-cert-dashboard/src/components/search-Certificate/SearchCertificates.js","statementMap":{"0":{"start":{"line":22,"column":4},"end":{"line":22,"column":12}},"1":{"start":{"line":23,"column":4},"end":{"line":31,"column":6}},"2":{"start":{"line":32,"column":4},"end":{"line":32,"column":63}},"3":{"start":{"line":33,"column":4},"end":{"line":33,"column":53}},"4":{"start":{"line":34,"column":4},"end":{"line":34,"column":47}},"5":{"start":{"line":36,"column":4},"end":{"line":36,"column":53}},"6":{"start":{"line":37,"column":4},"end":{"line":37,"column":57}},"7":{"start":{"line":49,"column":4},"end":{"line":51,"column":7}},"8":{"start":{"line":56,"column":4},"end":{"line":56,"column":23}},"9":{"start":{"line":57,"column":22},"end":{"line":57,"column":24}},"10":{"start":{"line":58,"column":4},"end":{"line":66,"column":5}},"11":{"start":{"line":59,"column":6},"end":{"line":59,"column":68}},"12":{"start":{"line":60,"column":11},"end":{"line":66,"column":5}},"13":{"start":{"line":61,"column":6},"end":{"line":61,"column":50}},"14":{"start":{"line":62,"column":11},"end":{"line":66,"column":5}},"15":{"start":{"line":63,"column":6},"end":{"line":63,"column":54}},"16":{"start":{"line":64,"column":11},"end":{"line":66,"column":5}},"17":{"start":{"line":65,"column":6},"end":{"line":65,"column":47}},"18":{"start":{"line":68,"column":4},"end":{"line":70,"column":5}},"19":{"start":{"line":69,"column":6},"end":{"line":69,"column":13}},"20":{"start":{"line":72,"column":4},"end":{"line":96,"column":5}},"21":{"start":{"line":73,"column":6},"end":{"line":84,"column":11}},"22":{"start":{"line":78,"column":10},"end":{"line":80,"column":13}},"23":{"start":{"line":83,"column":10},"end":{"line":83,"column":63}},"24":{"start":{"line":86,"column":6},"end":{"line":95,"column":11}},"25":{"start":{"line":89,"column":10},"end":{"line":91,"column":13}},"26":{"start":{"line":94,"column":10},"end":{"line":94,"column":63}},"27":{"start":{"line":100,"column":4},"end":{"line":121,"column":5}},"28":{"start":{"line":101,"column":6},"end":{"line":115,"column":11}},"29":{"start":{"line":106,"column":26},"end":{"line":106,"column":42}},"30":{"start":{"line":107,"column":10},"end":{"line":111,"column":13}},"31":{"start":{"line":114,"column":10},"end":{"line":114,"column":84}},"32":{"start":{"line":117,"column":6},"end":{"line":120,"column":9}},"33":{"start":{"line":125,"column":4},"end":{"line":138,"column":6}},"34":{"start":{"line":127,"column":53},"end":{"line":127,"column":74}},"35":{"start":{"line":142,"column":20},"end":{"line":149,"column":5}},"36":{"start":{"line":151,"column":4},"end":{"line":202,"column":6}},"37":{"start":{"line":162,"column":27},"end":{"line":162,"column":92}},"38":{"start":{"line":169,"column":14},"end":{"line":174,"column":16}},"39":{"start":{"line":182,"column":14},"end":{"line":182,"column":88}},"40":{"start":{"line":190,"column":14},"end":{"line":195,"column":16}},"41":{"start":{"line":206,"column":4},"end":{"line":346,"column":6}},"42":{"start":{"line":252,"column":45},"end":{"line":252,"column":74}},"43":{"start":{"line":257,"column":40},"end":{"line":257,"column":60}}},"fnMap":{"0":{"name":"(anonymous_0)","decl":{"start":{"line":21,"column":2},"end":{"line":21,"column":3}},"loc":{"start":{"line":21,"column":16},"end":{"line":38,"column":3}},"line":21},"1":{"name":"(anonymous_1)","decl":{"start":{"line":48,"column":2},"end":{"line":48,"column":3}},"loc":{"start":{"line":48,"column":23},"end":{"line":52,"column":3}},"line":48},"2":{"name":"(anonymous_2)","decl":{"start":{"line":55,"column":2},"end":{"line":55,"column":3}},"loc":{"start":{"line":55,"column":18},"end":{"line":97,"column":3}},"line":55},"3":{"name":"(anonymous_3)","decl":{"start":{"line":77,"column":14},"end":{"line":77,"column":15}},"loc":{"start":{"line":77,"column":28},"end":{"line":81,"column":9}},"line":77},"4":{"name":"(anonymous_4)","decl":{"start":{"line":82,"column":15},"end":{"line":82,"column":16}},"loc":{"start":{"line":82,"column":26},"end":{"line":84,"column":9}},"line":82},"5":{"name":"(anonymous_5)","decl":{"start":{"line":88,"column":14},"end":{"line":88,"column":15}},"loc":{"start":{"line":88,"column":28},"end":{"line":92,"column":9}},"line":88},"6":{"name":"(anonymous_6)","decl":{"start":{"line":93,"column":15},"end":{"line":93,"column":16}},"loc":{"start":{"line":93,"column":26},"end":{"line":95,"column":9}},"line":93},"7":{"name":"(anonymous_7)","decl":{"start":{"line":99,"column":2},"end":{"line":99,"column":3}},"loc":{"start":{"line":99,"column":19},"end":{"line":122,"column":3}},"line":99},"8":{"name":"(anonymous_8)","decl":{"start":{"line":105,"column":14},"end":{"line":105,"column":15}},"loc":{"start":{"line":105,"column":28},"end":{"line":112,"column":9}},"line":105},"9":{"name":"(anonymous_9)","decl":{"start":{"line":113,"column":15},"end":{"line":113,"column":16}},"loc":{"start":{"line":113,"column":26},"end":{"line":115,"column":9}},"line":113},"10":{"name":"(anonymous_10)","decl":{"start":{"line":124,"column":2},"end":{"line":124,"column":3}},"loc":{"start":{"line":124,"column":22},"end":{"line":139,"column":3}},"line":124},"11":{"name":"(anonymous_11)","decl":{"start":{"line":127,"column":47},"end":{"line":127,"column":48}},"loc":{"start":{"line":127,"column":53},"end":{"line":127,"column":74}},"line":127},"12":{"name":"(anonymous_12)","decl":{"start":{"line":141,"column":2},"end":{"line":141,"column":3}},"loc":{"start":{"line":141,"column":19},"end":{"line":203,"column":3}},"line":141},"13":{"name":"(anonymous_13)","decl":{"start":{"line":162,"column":21},"end":{"line":162,"column":22}},"loc":{"start":{"line":162,"column":27},"end":{"line":162,"column":92}},"line":162},"14":{"name":"(anonymous_14)","decl":{"start":{"line":168,"column":21},"end":{"line":168,"column":22}},"loc":{"start":{"line":169,"column":14},"end":{"line":174,"column":16}},"line":169},"15":{"name":"(anonymous_15)","decl":{"start":{"line":181,"column":21},"end":{"line":181,"column":22}},"loc":{"start":{"line":182,"column":14},"end":{"line":182,"column":88}},"line":182},"16":{"name":"(anonymous_16)","decl":{"start":{"line":189,"column":21},"end":{"line":189,"column":22}},"loc":{"start":{"line":190,"column":14},"end":{"line":195,"column":16}},"line":190},"17":{"name":"(anonymous_17)","decl":{"start":{"line":205,"column":2},"end":{"line":205,"column":3}},"loc":{"start":{"line":205,"column":11},"end":{"line":347,"column":3}},"line":205},"18":{"name":"(anonymous_18)","decl":{"start":{"line":252,"column":34},"end":{"line":252,"column":35}},"loc":{"start":{"line":252,"column":45},"end":{"line":252,"column":74}},"line":252},"19":{"name":"(anonymous_19)","decl":{"start":{"line":257,"column":33},"end":{"line":257,"column":34}},"loc":{"start":{"line":257,"column":40},"end":{"line":257,"column":60}},"line":257}},"branchMap":{"0":{"loc":{"start":{"line":58,"column":4},"end":{"line":66,"column":5}},"type":"if","locations":[{"start":{"line":58,"column":4},"end":{"line":66,"column":5}},{"start":{"line":58,"column":4},"end":{"line":66,"column":5}}],"line":58},"1":{"loc":{"start":{"line":60,"column":11},"end":{"line":66,"column":5}},"type":"if","locations":[{"start":{"line":60,"column":11},"end":{"line":66,"column":5}},{"start":{"line":60,"column":11},"end":{"line":66,"column":5}}],"line":60},"2":{"loc":{"start":{"line":62,"column":11},"end":{"line":66,"column":5}},"type":"if","locations":[{"start":{"line":62,"column":11},"end":{"line":66,"column":5}},{"start":{"line":62,"column":11},"end":{"line":66,"column":5}}],"line":62},"3":{"loc":{"start":{"line":64,"column":11},"end":{"line":66,"column":5}},"type":"if","locations":[{"start":{"line":64,"column":11},"end":{"line":66,"column":5}},{"start":{"line":64,"column":11},"end":{"line":66,"column":5}}],"line":64},"4":{"loc":{"start":{"line":68,"column":4},"end":{"line":70,"column":5}},"type":"if","locations":[{"start":{"line":68,"column":4},"end":{"line":70,"column":5}},{"start":{"line":68,"column":4},"end":{"line":70,"column":5}}],"line":68},"5":{"loc":{"start":{"line":72,"column":4},"end":{"line":96,"column":5}},"type":"if","locations":[{"start":{"line":72,"column":4},"end":{"line":96,"column":5}},{"start":{"line":72,"column":4},"end":{"line":96,"column":5}}],"line":72},"6":{"loc":{"start":{"line":72,"column":8},"end":{"line":72,"column":62}},"type":"binary-expr","locations":[{"start":{"line":72,"column":8},"end":{"line":72,"column":19}},{"start":{"line":72,"column":23},"end":{"line":72,"column":62}}],"line":72},"7":{"loc":{"start":{"line":100,"column":4},"end":{"line":121,"column":5}},"type":"if","locations":[{"start":{"line":100,"column":4},"end":{"line":121,"column":5}},{"start":{"line":100,"column":4},"end":{"line":121,"column":5}}],"line":100},"8":{"loc":{"start":{"line":272,"column":21},"end":{"line":276,"column":21}},"type":"cond-expr","locations":[{"start":{"line":273,"column":22},"end":{"line":273,"column":30}},{"start":{"line":275,"column":22},"end":{"line":275,"column":62}}],"line":272}},"s":{"0":8,"1":8,"2":8,"3":8,"4":8,"5":8,"6":8,"7":2,"8":7,"9":7,"10":7,"11":2,"12":5,"13":1,"14":4,"15":1,"16":3,"17":2,"18":7,"19":1,"20":6,"21":2,"22":1,"23":1,"24":4,"25":3,"26":1,"27":2,"28":1,"29":1,"30":1,"31":0,"32":1,"33":2,"34":0,"35":26,"36":26,"37":0,"38":0,"39":0,"40":0,"41":24,"42":0,"43":0},"f":{"0":8,"1":2,"2":7,"3":1,"4":1,"5":3,"6":1,"7":2,"8":1,"9":0,"10":2,"11":0,"12":26,"13":0,"14":0,"15":0,"16":0,"17":24,"18":0,"19":0},"b":{"0":[2,5],"1":[1,4],"2":[1,3],"3":[2,1],"4":[1,6],"5":[2,4],"6":[6,6],"7":[1,1],"8":[5,19]},"_coverageSchema":"43e27e138ebf9cfc5966b082cf9a028302ed4184","hash":"db486b2700c1491f2fd317de8b21a4585c2d7eb1"}
,"/Users/ds/Desktop/partner-cert-dashboard/src/components/side-navigation/sideBarNavigation.js": {"path":"/Users/ds/Desktop/partner-cert-dashboard/src/components/side-navigation/sideBarNavigation.js","statementMap":{"0":{"start":{"line":10,"column":20},"end":{"line":14,"column":1}},"1":{"start":{"line":18,"column":4},"end":{"line":18,"column":17}},"2":{"start":{"line":19,"column":4},"end":{"line":23,"column":6}},"3":{"start":{"line":25,"column":4},"end":{"line":25,"column":61}},"4":{"start":{"line":26,"column":4},"end":{"line":26,"column":59}},"5":{"start":{"line":30,"column":4},"end":{"line":34,"column":7}},"6":{"start":{"line":38,"column":4},"end":{"line":45,"column":5}},"7":{"start":{"line":40,"column":8},"end":{"line":40,"column":33}},"8":{"start":{"line":42,"column":8},"end":{"line":42,"column":37}},"9":{"start":{"line":44,"column":8},"end":{"line":44,"column":33}},"10":{"start":{"line":49,"column":4},"end":{"line":97,"column":6}},"11":{"start":{"line":74,"column":31},"end":{"line":74,"column":65}},"12":{"start":{"line":85,"column":31},"end":{"line":85,"column":62}}},"fnMap":{"0":{"name":"(anonymous_0)","decl":{"start":{"line":17,"column":2},"end":{"line":17,"column":3}},"loc":{"start":{"line":17,"column":21},"end":{"line":27,"column":3}},"line":17},"1":{"name":"(anonymous_1)","decl":{"start":{"line":29,"column":2},"end":{"line":29,"column":3}},"loc":{"start":{"line":29,"column":30},"end":{"line":35,"column":3}},"line":29},"2":{"name":"(anonymous_2)","decl":{"start":{"line":37,"column":2},"end":{"line":37,"column":3}},"loc":{"start":{"line":37,"column":20},"end":{"line":46,"column":3}},"line":37},"3":{"name":"(anonymous_3)","decl":{"start":{"line":48,"column":2},"end":{"line":48,"column":3}},"loc":{"start":{"line":48,"column":11},"end":{"line":98,"column":3}},"line":48},"4":{"name":"(anonymous_4)","decl":{"start":{"line":74,"column":25},"end":{"line":74,"column":26}},"loc":{"start":{"line":74,"column":31},"end":{"line":74,"column":65}},"line":74},"5":{"name":"(anonymous_5)","decl":{"start":{"line":85,"column":25},"end":{"line":85,"column":26}},"loc":{"start":{"line":85,"column":31},"end":{"line":85,"column":62}},"line":85}},"branchMap":{"0":{"loc":{"start":{"line":32,"column":20},"end":{"line":32,"column":74}},"type":"cond-expr","locations":[{"start":{"line":32,"column":44},"end":{"line":32,"column":63}},{"start":{"line":32,"column":64},"end":{"line":32,"column":74}}],"line":32},"1":{"loc":{"start":{"line":33,"column":17},"end":{"line":33,"column":71}},"type":"cond-expr","locations":[{"start":{"line":33,"column":41},"end":{"line":33,"column":60}},{"start":{"line":33,"column":61},"end":{"line":33,"column":71}}],"line":33},"2":{"loc":{"start":{"line":38,"column":4},"end":{"line":45,"column":5}},"type":"switch","locations":[{"start":{"line":39,"column":6},"end":{"line":40,"column":33}},{"start":{"line":41,"column":6},"end":{"line":42,"column":37}},{"start":{"line":43,"column":6},"end":{"line":44,"column":33}}],"line":38}},"s":{"0":1,"1":5,"2":5,"3":5,"4":5,"5":5,"6":16,"7":9,"8":4,"9":3,"10":13,"11":1,"12":1},"f":{"0":5,"1":5,"2":16,"3":13,"4":1,"5":1},"b":{"0":[2,3],"1":[3,2],"2":[9,4,3]},"_coverageSchema":"43e27e138ebf9cfc5966b082cf9a028302ed4184","hash":"6905da67b07b0d9110f52b1ef721426718012650"}
,"/Users/ds/Desktop/partner-cert-dashboard/src/components/status-card/StatusCard.jsx": {"path":"/Users/ds/Desktop/partner-cert-dashboard/src/components/status-card/StatusCard.jsx","statementMap":{"0":{"start":{"line":11,"column":4},"end":{"line":11,"column":17}},"1":{"start":{"line":13,"column":4},"end":{"line":16,"column":6}},"2":{"start":{"line":18,"column":4},"end":{"line":18,"column":47}},"3":{"start":{"line":19,"column":4},"end":{"line":19,"column":53}},"4":{"start":{"line":23,"column":4},"end":{"line":45,"column":5}},"5":{"start":{"line":24,"column":6},"end":{"line":39,"column":11}},"6":{"start":{"line":29,"column":26},"end":{"line":29,"column":42}},"7":{"start":{"line":30,"column":10},"end":{"line":34,"column":13}},"8":{"start":{"line":38,"column":10},"end":{"line":38,"column":40}},"9":{"start":{"line":41,"column":6},"end":{"line":44,"column":9}},"10":{"start":{"line":50,"column":17},"end":{"line":50,"column":41}},"11":{"start":{"line":51,"column":4},"end":{"line":75,"column":9}},"12":{"start":{"line":61,"column":8},"end":{"line":70,"column":9}},"13":{"start":{"line":62,"column":27},"end":{"line":62,"column":40}},"14":{"start":{"line":64,"column":23},"end":{"line":64,"column":86}},"15":{"start":{"line":65,"column":22},"end":{"line":65,"column":47}},"16":{"start":{"line":66,"column":23},"end":{"line":66,"column":50}},"17":{"start":{"line":67,"column":10},"end":{"line":67,"column":42}},"18":{"start":{"line":68,"column":10},"end":{"line":68,"column":26}},"19":{"start":{"line":69,"column":10},"end":{"line":69,"column":23}},"20":{"start":{"line":74,"column":8},"end":{"line":74,"column":38}},"21":{"start":{"line":79,"column":4},"end":{"line":256,"column":6}},"22":{"start":{"line":136,"column":39},"end":{"line":136,"column":93}},"23":{"start":{"line":189,"column":39},"end":{"line":189,"column":92}},"24":{"start":{"line":238,"column":16},"end":{"line":245,"column":18}}},"fnMap":{"0":{"name":"(anonymous_0)","decl":{"start":{"line":10,"column":2},"end":{"line":10,"column":3}},"loc":{"start":{"line":10,"column":21},"end":{"line":20,"column":3}},"line":10},"1":{"name":"(anonymous_1)","decl":{"start":{"line":22,"column":2},"end":{"line":22,"column":3}},"loc":{"start":{"line":22,"column":19},"end":{"line":46,"column":3}},"line":22},"2":{"name":"(anonymous_2)","decl":{"start":{"line":28,"column":14},"end":{"line":28,"column":15}},"loc":{"start":{"line":28,"column":28},"end":{"line":35,"column":9}},"line":28},"3":{"name":"(anonymous_3)","decl":{"start":{"line":36,"column":15},"end":{"line":36,"column":16}},"loc":{"start":{"line":36,"column":26},"end":{"line":39,"column":9}},"line":36},"4":{"name":"(anonymous_4)","decl":{"start":{"line":49,"column":2},"end":{"line":49,"column":3}},"loc":{"start":{"line":49,"column":22},"end":{"line":76,"column":3}},"line":49},"5":{"name":"(anonymous_5)","decl":{"start":{"line":60,"column":12},"end":{"line":60,"column":13}},"loc":{"start":{"line":60,"column":26},"end":{"line":71,"column":7}},"line":60},"6":{"name":"(anonymous_6)","decl":{"start":{"line":72,"column":13},"end":{"line":72,"column":14}},"loc":{"start":{"line":72,"column":24},"end":{"line":75,"column":7}},"line":72},"7":{"name":"(anonymous_7)","decl":{"start":{"line":78,"column":2},"end":{"line":78,"column":3}},"loc":{"start":{"line":78,"column":11},"end":{"line":257,"column":3}},"line":78},"8":{"name":"(anonymous_8)","decl":{"start":{"line":136,"column":33},"end":{"line":136,"column":34}},"loc":{"start":{"line":136,"column":39},"end":{"line":136,"column":93}},"line":136},"9":{"name":"(anonymous_9)","decl":{"start":{"line":189,"column":33},"end":{"line":189,"column":34}},"loc":{"start":{"line":189,"column":39},"end":{"line":189,"column":92}},"line":189},"10":{"name":"(anonymous_10)","decl":{"start":{"line":237,"column":42},"end":{"line":237,"column":43}},"loc":{"start":{"line":237,"column":56},"end":{"line":246,"column":15}},"line":237}},"branchMap":{"0":{"loc":{"start":{"line":23,"column":4},"end":{"line":45,"column":5}},"type":"if","locations":[{"start":{"line":23,"column":4},"end":{"line":45,"column":5}},{"start":{"line":23,"column":4},"end":{"line":45,"column":5}}],"line":23},"1":{"loc":{"start":{"line":61,"column":8},"end":{"line":70,"column":9}},"type":"if","locations":[{"start":{"line":61,"column":8},"end":{"line":70,"column":9}},{"start":{"line":61,"column":8},"end":{"line":70,"column":9}}],"line":61},"2":{"loc":{"start":{"line":61,"column":12},"end":{"line":61,"column":53}},"type":"binary-expr","locations":[{"start":{"line":61,"column":12},"end":{"line":61,"column":25}},{"start":{"line":61,"column":29},"end":{"line":61,"column":53}}],"line":61},"3":{"loc":{"start":{"line":128,"column":21},"end":{"line":130,"column":27}},"type":"cond-expr","locations":[{"start":{"line":129,"column":24},"end":{"line":129,"column":90}},{"start":{"line":130,"column":24},"end":{"line":130,"column":27}}],"line":128},"4":{"loc":{"start":{"line":181,"column":21},"end":{"line":183,"column":27}},"type":"cond-expr","locations":[{"start":{"line":182,"column":24},"end":{"line":182,"column":89}},{"start":{"line":183,"column":24},"end":{"line":183,"column":27}}],"line":181}},"s":{"0":9,"1":9,"2":9,"3":9,"4":6,"5":5,"6":3,"7":3,"8":2,"9":1,"10":3,"11":3,"12":2,"13":1,"14":1,"15":1,"16":1,"17":1,"18":1,"19":1,"20":1,"21":14,"22":1,"23":1,"24":42},"f":{"0":9,"1":6,"2":3,"3":2,"4":3,"5":2,"6":1,"7":14,"8":1,"9":1,"10":42},"b":{"0":[5,1],"1":[1,1],"2":[2,1],"3":[12,2],"4":[12,2]},"_coverageSchema":"43e27e138ebf9cfc5966b082cf9a028302ed4184","hash":"68c4ad6fb39e6063471770fd51c52725f23c3cf7"}
,"/Users/ds/Desktop/partner-cert-dashboard/src/components/status-card-group/StatusCardGroup.jsx": {"path":"/Users/ds/Desktop/partner-cert-dashboard/src/components/status-card-group/StatusCardGroup.jsx","statementMap":{"0":{"start":{"line":16,"column":4},"end":{"line":16,"column":17}},"1":{"start":{"line":18,"column":4},"end":{"line":24,"column":6}},"2":{"start":{"line":26,"column":4},"end":{"line":26,"column":59}},"3":{"start":{"line":26,"column":27},"end":{"line":26,"column":58}},"4":{"start":{"line":27,"column":4},"end":{"line":29,"column":6}},"5":{"start":{"line":28,"column":6},"end":{"line":28,"column":39}},"6":{"start":{"line":30,"column":4},"end":{"line":30,"column":57}},"7":{"start":{"line":31,"column":4},"end":{"line":31,"column":57}},"8":{"start":{"line":32,"column":4},"end":{"line":32,"column":53}},"9":{"start":{"line":37,"column":17},"end":{"line":37,"column":19}},"10":{"start":{"line":38,"column":4},"end":{"line":52,"column":7}},"11":{"start":{"line":39,"column":19},"end":{"line":39,"column":21}},"12":{"start":{"line":41,"column":6},"end":{"line":41,"column":64}},"13":{"start":{"line":42,"column":6},"end":{"line":42,"column":60}},"14":{"start":{"line":43,"column":6},"end":{"line":43,"column":84}},"15":{"start":{"line":44,"column":6},"end":{"line":44,"column":58}},"16":{"start":{"line":46,"column":6},"end":{"line":50,"column":7}},"17":{"start":{"line":47,"column":8},"end":{"line":47,"column":63}},"18":{"start":{"line":49,"column":8},"end":{"line":49,"column":65}},"19":{"start":{"line":51,"column":6},"end":{"line":51,"column":22}},"20":{"start":{"line":53,"column":4},"end":{"line":53,"column":16}},"21":{"start":{"line":57,"column":22},"end":{"line":59,"column":5}},"22":{"start":{"line":58,"column":15},"end":{"line":58,"column":64}},"23":{"start":{"line":60,"column":4},"end":{"line":63,"column":5}},"24":{"start":{"line":61,"column":6},"end":{"line":61,"column":78}},"25":{"start":{"line":62,"column":6},"end":{"line":62,"column":23}},"26":{"start":{"line":67,"column":4},"end":{"line":75,"column":6}},"27":{"start":{"line":71,"column":23},"end":{"line":71,"column":47}},"28":{"start":{"line":79,"column":17},"end":{"line":79,"column":21}},"29":{"start":{"line":80,"column":20},"end":{"line":84,"column":5}},"30":{"start":{"line":82,"column":8},"end":{"line":82,"column":33}},"31":{"start":{"line":85,"column":4},"end":{"line":162,"column":6}}},"fnMap":{"0":{"name":"(anonymous_0)","decl":{"start":{"line":15,"column":2},"end":{"line":15,"column":3}},"loc":{"start":{"line":15,"column":21},"end":{"line":33,"column":3}},"line":15},"1":{"name":"(anonymous_1)","decl":{"start":{"line":26,"column":21},"end":{"line":26,"column":22}},"loc":{"start":{"line":26,"column":27},"end":{"line":26,"column":58}},"line":26},"2":{"name":"(anonymous_2)","decl":{"start":{"line":27,"column":22},"end":{"line":27,"column":23}},"loc":{"start":{"line":27,"column":28},"end":{"line":29,"column":5}},"line":27},"3":{"name":"(anonymous_3)","decl":{"start":{"line":36,"column":2},"end":{"line":36,"column":3}},"loc":{"start":{"line":36,"column":26},"end":{"line":54,"column":3}},"line":36},"4":{"name":"(anonymous_4)","decl":{"start":{"line":38,"column":20},"end":{"line":38,"column":21}},"loc":{"start":{"line":38,"column":38},"end":{"line":52,"column":5}},"line":38},"5":{"name":"(anonymous_5)","decl":{"start":{"line":56,"column":2},"end":{"line":56,"column":3}},"loc":{"start":{"line":56,"column":22},"end":{"line":64,"column":3}},"line":56},"6":{"name":"(anonymous_6)","decl":{"start":{"line":58,"column":6},"end":{"line":58,"column":7}},"loc":{"start":{"line":58,"column":15},"end":{"line":58,"column":64}},"line":58},"7":{"name":"(anonymous_7)","decl":{"start":{"line":66,"column":2},"end":{"line":66,"column":3}},"loc":{"start":{"line":66,"column":20},"end":{"line":76,"column":3}},"line":66},"8":{"name":"(anonymous_8)","decl":{"start":{"line":71,"column":17},"end":{"line":71,"column":18}},"loc":{"start":{"line":71,"column":23},"end":{"line":71,"column":47}},"line":71},"9":{"name":"(anonymous_9)","decl":{"start":{"line":78,"column":2},"end":{"line":78,"column":3}},"loc":{"start":{"line":78,"column":11},"end":{"line":163,"column":3}},"line":78},"10":{"name":"(anonymous_10)","decl":{"start":{"line":81,"column":18},"end":{"line":81,"column":19}},"loc":{"start":{"line":81,"column":27},"end":{"line":83,"column":7}},"line":81}},"branchMap":{"0":{"loc":{"start":{"line":46,"column":6},"end":{"line":50,"column":7}},"type":"if","locations":[{"start":{"line":46,"column":6},"end":{"line":50,"column":7}},{"start":{"line":46,"column":6},"end":{"line":50,"column":7}}],"line":46},"1":{"loc":{"start":{"line":60,"column":4},"end":{"line":63,"column":5}},"type":"if","locations":[{"start":{"line":60,"column":4},"end":{"line":63,"column":5}},{"start":{"line":60,"column":4},"end":{"line":63,"column":5}}],"line":60},"2":{"loc":{"start":{"line":156,"column":17},"end":{"line":156,"column":85}},"type":"binary-expr","locations":[{"start":{"line":156,"column":17},"end":{"line":156,"column":38}},{"start":{"line":156,"column":42},"end":{"line":156,"column":85}}],"line":156}},"s":{"0":4,"1":4,"2":4,"3":5,"4":4,"5":2,"6":4,"7":4,"8":4,"9":15,"10":15,"11":15,"12":15,"13":15,"14":15,"15":15,"16":15,"17":10,"18":5,"19":15,"20":15,"21":4,"22":4,"23":4,"24":3,"25":3,"26":4,"27":1,"28":13,"29":13,"30":1,"31":13},"f":{"0":4,"1":5,"2":2,"3":15,"4":15,"5":4,"6":4,"7":4,"8":1,"9":13,"10":1},"b":{"0":[10,5],"1":[3,1],"2":[13,13]},"_coverageSchema":"43e27e138ebf9cfc5966b082cf9a028302ed4184","hash":"2d31949d74e9564d87fe6e68e7d42e1596e1b1e2"}
,"/Users/ds/Desktop/partner-cert-dashboard/src/components/tile/Tile.jsx": {"path":"/Users/ds/Desktop/partner-cert-dashboard/src/components/tile/Tile.jsx","statementMap":{"0":{"start":{"line":5,"column":2},"end":{"line":21,"column":4}}},"fnMap":{"0":{"name":"Card","decl":{"start":{"line":4,"column":24},"end":{"line":4,"column":28}},"loc":{"start":{"line":4,"column":36},"end":{"line":22,"column":1}},"line":4}},"branchMap":{},"s":{"0":1},"f":{"0":1},"b":{},"_coverageSchema":"43e27e138ebf9cfc5966b082cf9a028302ed4184","hash":"ffa670c6d5fddc393a2bb61fd6f030344553b0d2"}
,"/Users/ds/Desktop/partner-cert-dashboard/src/components/tile-group/TileGroup.jsx": {"path":"/Users/ds/Desktop/partner-cert-dashboard/src/components/tile-group/TileGroup.jsx","statementMap":{"0":{"start":{"line":10,"column":4},"end":{"line":10,"column":17}},"1":{"start":{"line":12,"column":4},"end":{"line":12,"column":20}},"2":{"start":{"line":16,"column":37},"end":{"line":16,"column":47}},"3":{"start":{"line":18,"column":4},"end":{"line":50,"column":6}},"4":{"start":{"line":22,"column":12},"end":{"line":46,"column":14}},"5":{"start":{"line":32,"column":34},"end":{"line":32,"column":67}}},"fnMap":{"0":{"name":"(anonymous_0)","decl":{"start":{"line":9,"column":2},"end":{"line":9,"column":3}},"loc":{"start":{"line":9,"column":21},"end":{"line":13,"column":3}},"line":9},"1":{"name":"(anonymous_1)","decl":{"start":{"line":15,"column":2},"end":{"line":15,"column":3}},"loc":{"start":{"line":15,"column":11},"end":{"line":51,"column":3}},"line":15},"2":{"name":"(anonymous_2)","decl":{"start":{"line":21,"column":31},"end":{"line":21,"column":32}},"loc":{"start":{"line":21,"column":45},"end":{"line":47,"column":11}},"line":21},"3":{"name":"(anonymous_3)","decl":{"start":{"line":32,"column":27},"end":{"line":32,"column":28}},"loc":{"start":{"line":32,"column":34},"end":{"line":32,"column":67}},"line":32}},"branchMap":{},"s":{"0":1,"1":1,"2":1,"3":1,"4":3,"5":1},"f":{"0":1,"1":1,"2":3,"3":1},"b":{},"_coverageSchema":"43e27e138ebf9cfc5966b082cf9a028302ed4184","hash":"650d68873aa2d4c5627e6b3346b5c3b37a0fd33a"}
,"/Users/ds/Desktop/partner-cert-dashboard/src/js/widgets/certificateDashboard/Dashboard.jsx": {"path":"/Users/ds/Desktop/partner-cert-dashboard/src/js/widgets/certificateDashboard/Dashboard.jsx","statementMap":{"0":{"start":{"line":18,"column":18},"end":{"line":18,"column":30}},"1":{"start":{"line":22,"column":0},"end":{"line":22,"column":18}},"2":{"start":{"line":29,"column":4},"end":{"line":29,"column":17}},"3":{"start":{"line":38,"column":4},"end":{"line":50,"column":6}}},"fnMap":{"0":{"name":"(anonymous_0)","decl":{"start":{"line":28,"column":2},"end":{"line":28,"column":3}},"loc":{"start":{"line":28,"column":22},"end":{"line":30,"column":3}},"line":28},"1":{"name":"(anonymous_1)","decl":{"start":{"line":37,"column":2},"end":{"line":37,"column":3}},"loc":{"start":{"line":37,"column":11},"end":{"line":51,"column":3}},"line":37}},"branchMap":{},"s":{"0":1,"1":1,"2":0,"3":1},"f":{"0":0,"1":1},"b":{},"_coverageSchema":"43e27e138ebf9cfc5966b082cf9a028302ed4184","hash":"43acda2b36cc6dbaf845dedfca7e532e0e5ba58c"}
,"/Users/ds/Desktop/partner-cert-dashboard/src/js/widgets/certificateDashboard/service/Activator.jsx": {"path":"/Users/ds/Desktop/partner-cert-dashboard/src/js/widgets/certificateDashboard/service/Activator.jsx","statementMap":{"0":{"start":{"line":4,"column":29},"end":{"line":4,"column":31}},"1":{"start":{"line":6,"column":30},"end":{"line":12,"column":1}},"2":{"start":{"line":14,"column":24},"end":{"line":20,"column":1}},"3":{"start":{"line":24,"column":4},"end":{"line":24,"column":16}},"4":{"start":{"line":27,"column":4},"end":{"line":27,"column":40}},"5":{"start":{"line":31,"column":4},"end":{"line":31,"column":41}},"6":{"start":{"line":32,"column":4},"end":{"line":32,"column":65}},"7":{"start":{"line":33,"column":4},"end":{"line":33,"column":62}},"8":{"start":{"line":35,"column":4},"end":{"line":35,"column":73}},"9":{"start":{"line":36,"column":4},"end":{"line":36,"column":96}},"10":{"start":{"line":37,"column":4},"end":{"line":38,"column":53}},"11":{"start":{"line":39,"column":4},"end":{"line":39,"column":42}},"12":{"start":{"line":40,"column":4},"end":{"line":40,"column":107}},"13":{"start":{"line":42,"column":4},"end":{"line":47,"column":5}},"14":{"start":{"line":43,"column":6},"end":{"line":43,"column":98}},"15":{"start":{"line":44,"column":6},"end":{"line":46,"column":9}}},"fnMap":{"0":{"name":"(anonymous_0)","decl":{"start":{"line":23,"column":2},"end":{"line":23,"column":3}},"loc":{"start":{"line":23,"column":20},"end":{"line":28,"column":3}},"line":23},"1":{"name":"(anonymous_1)","decl":{"start":{"line":30,"column":2},"end":{"line":30,"column":3}},"loc":{"start":{"line":30,"column":18},"end":{"line":48,"column":3}},"line":30}},"branchMap":{"0":{"loc":{"start":{"line":27,"column":19},"end":{"line":27,"column":39}},"type":"binary-expr","locations":[{"start":{"line":27,"column":19},"end":{"line":27,"column":23}},{"start":{"line":27,"column":27},"end":{"line":27,"column":39}}],"line":27},"1":{"loc":{"start":{"line":42,"column":4},"end":{"line":47,"column":5}},"type":"if","locations":[{"start":{"line":42,"column":4},"end":{"line":47,"column":5}},{"start":{"line":42,"column":4},"end":{"line":47,"column":5}}],"line":42}},"s":{"0":2,"1":2,"2":2,"3":2,"4":2,"5":2,"6":2,"7":2,"8":2,"9":2,"10":2,"11":2,"12":2,"13":2,"14":1,"15":1},"f":{"0":2,"1":2},"b":{"0":[2,2],"1":[1,1]},"_coverageSchema":"43e27e138ebf9cfc5966b082cf9a028302ed4184","hash":"afc148dd163737715d3daaa5edc68a8ce8bb1b1c"}
,"/Users/ds/Desktop/partner-cert-dashboard/src/redux/reducers/index.js": {"path":"/Users/ds/Desktop/partner-cert-dashboard/src/redux/reducers/index.js","statementMap":{},"fnMap":{},"branchMap":{},"s":{},"f":{},"b":{},"_coverageSchema":"43e27e138ebf9cfc5966b082cf9a028302ed4184","hash":"17e7dbbb748b256146c3c8dc6ebb0c95dc0c31b8"}
,"/Users/ds/Desktop/partner-cert-dashboard/src/redux/store/index.js": {"path":"/Users/ds/Desktop/partner-cert-dashboard/src/redux/store/index.js","statementMap":{"0":{"start":{"line":5,"column":14},"end":{"line":8,"column":1}}},"fnMap":{},"branchMap":{"0":{"loc":{"start":{"line":7,"column":2},"end":{"line":7,"column":78}},"type":"binary-expr","locations":[{"start":{"line":7,"column":2},"end":{"line":7,"column":37}},{"start":{"line":7,"column":41},"end":{"line":7,"column":78}}],"line":7}},"s":{"0":1},"f":{},"b":{"0":[1,0]},"_coverageSchema":"43e27e138ebf9cfc5966b082cf9a028302ed4184","hash":"6f3f34c28ce05364fe1e4247148549e1026ad2b4"}
,"/Users/ds/Desktop/partner-cert-dashboard/src/utils/AppUtils.js": {"path":"/Users/ds/Desktop/partner-cert-dashboard/src/utils/AppUtils.js","statementMap":{"0":{"start":{"line":3,"column":32},"end":{"line":3,"column":79}},"1":{"start":{"line":4,"column":30},"end":{"line":4,"column":82}},"2":{"start":{"line":5,"column":38},"end":{"line":5,"column":83}},"3":{"start":{"line":6,"column":39},"end":{"line":6,"column":103}},"4":{"start":{"line":7,"column":38},"end":{"line":7,"column":94}},"5":{"start":{"line":9,"column":23},"end":{"line":18,"column":1}},"6":{"start":{"line":10,"column":18},"end":{"line":10,"column":20}},"7":{"start":{"line":11,"column":2},"end":{"line":15,"column":5}},"8":{"start":{"line":12,"column":21},"end":{"line":12,"column":37}},"9":{"start":{"line":13,"column":4},"end":{"line":13,"column":73}},"10":{"start":{"line":13,"column":50},"end":{"line":13,"column":73}},"11":{"start":{"line":14,"column":4},"end":{"line":14,"column":34}},"12":{"start":{"line":17,"column":2},"end":{"line":17,"column":17}},"13":{"start":{"line":20,"column":28},"end":{"line":25,"column":1}},"14":{"start":{"line":21,"column":2},"end":{"line":24,"column":4}},"15":{"start":{"line":23,"column":11},"end":{"line":23,"column":94}},"16":{"start":{"line":27,"column":29},"end":{"line":30,"column":1}},"17":{"start":{"line":28,"column":21},"end":{"line":28,"column":36}},"18":{"start":{"line":29,"column":2},"end":{"line":29,"column":34}}},"fnMap":{"0":{"name":"(anonymous_0)","decl":{"start":{"line":9,"column":23},"end":{"line":9,"column":24}},"loc":{"start":{"line":9,"column":43},"end":{"line":18,"column":1}},"line":9},"1":{"name":"(anonymous_1)","decl":{"start":{"line":11,"column":14},"end":{"line":11,"column":15}},"loc":{"start":{"line":11,"column":25},"end":{"line":15,"column":3}},"line":11},"2":{"name":"(anonymous_2)","decl":{"start":{"line":20,"column":28},"end":{"line":20,"column":29}},"loc":{"start":{"line":20,"column":34},"end":{"line":25,"column":1}},"line":20},"3":{"name":"(anonymous_3)","decl":{"start":{"line":23,"column":4},"end":{"line":23,"column":5}},"loc":{"start":{"line":23,"column":11},"end":{"line":23,"column":94}},"line":23},"4":{"name":"(anonymous_4)","decl":{"start":{"line":27,"column":29},"end":{"line":27,"column":30}},"loc":{"start":{"line":27,"column":40},"end":{"line":30,"column":1}},"line":27}},"branchMap":{"0":{"loc":{"start":{"line":13,"column":4},"end":{"line":13,"column":73}},"type":"if","locations":[{"start":{"line":13,"column":4},"end":{"line":13,"column":73}},{"start":{"line":13,"column":4},"end":{"line":13,"column":73}}],"line":13}},"s":{"0":1,"1":1,"2":1,"3":1,"4":1,"5":1,"6":1,"7":1,"8":5,"9":5,"10":3,"11":5,"12":1,"13":1,"14":1,"15":31,"16":1,"17":1,"18":1},"f":{"0":1,"1":5,"2":1,"3":31,"4":1},"b":{"0":[3,2]},"_coverageSchema":"43e27e138ebf9cfc5966b082cf9a028302ed4184","hash":"1918217e23106760427a2f3362b5e118a5253eb8"}
}
