TN:
SF:/Users/ds/Desktop/partner-cert-dashboard/src/components/cert-dashboard/certDashboard.jsx
FN:9,(anonymous_0)
FN:44,(anonymous_1)
FN:50,(anonymous_2)
FN:54,(anonymous_3)
FN:59,(anonymous_4)
FN:61,(anonymous_5)
FN:70,(anonymous_6)
FN:95,(anonymous_7)
FN:100,(anonymous_8)
FN:102,(anonymous_9)
FN:107,(anonymous_10)
FN:113,(anonymous_11)
FN:117,(anonymous_12)
FN:123,(anonymous_13)
FN:134,(anonymous_14)
FN:140,(anonymous_15)
FN:144,(anonymous_16)
FN:150,(anonymous_17)
FN:153,(anonymous_18)
FN:155,(anonymous_19)
FN:164,(anonymous_20)
FN:166,(anonymous_21)
FN:181,(anonymous_22)
FN:185,(anonymous_23)
FNF:24
FNH:23
FNDA:9,(anonymous_0)
FNDA:9,(anonymous_1)
FNDA:8,(anonymous_2)
FNDA:1,(anonymous_3)
FNDA:8,(anonymous_4)
FNDA:16,(anonymous_5)
FNDA:16,(anonymous_6)
FNDA:8,(anonymous_7)
FNDA:7,(anonymous_8)
FNDA:21,(anonymous_9)
FNDA:1,(anonymous_10)
FNDA:7,(anonymous_11)
FNDA:21,(anonymous_12)
FNDA:6,(anonymous_13)
FNDA:5,(anonymous_14)
FNDA:1,(anonymous_15)
FNDA:1,(anonymous_16)
FNDA:9,(anonymous_17)
FNDA:1,(anonymous_18)
FNDA:3,(anonymous_19)
FNDA:2,(anonymous_20)
FNDA:6,(anonymous_21)
FNDA:63,(anonymous_22)
FNDA:0,(anonymous_23)
DA:10,9
DA:11,9
DA:38,9
DA:39,9
DA:40,9
DA:41,9
DA:45,9
DA:51,8
DA:52,8
DA:55,1
DA:60,8
DA:61,8
DA:62,16
DA:63,8
DA:64,8
DA:67,8
DA:70,8
DA:71,16
DA:74,8
DA:77,8
DA:78,8
DA:79,8
DA:82,8
DA:83,8
DA:84,8
DA:87,8
DA:88,8
DA:89,8
DA:91,8
DA:96,8
DA:101,7
DA:102,7
DA:103,21
DA:105,7
DA:108,1
DA:114,7
DA:116,7
DA:117,21
DA:119,7
DA:124,6
DA:125,6
DA:127,6
DA:128,6
DA:130,6
DA:135,5
DA:136,5
DA:137,5
DA:138,5
DA:141,1
DA:145,1
DA:151,9
DA:152,9
DA:153,1
DA:154,1
DA:155,1
DA:156,3
DA:157,1
DA:161,1
DA:163,8
DA:164,2
DA:165,2
DA:166,2
DA:167,6
DA:168,1
DA:172,2
DA:175,6
DA:178,9
DA:182,63
DA:185,0
LF:69
LH:68
BRDA:62,0,0,8
BRDA:62,0,1,8
BRDA:71,1,0,16
BRDA:71,1,1,8
BRDA:152,2,0,1
BRDA:152,2,1,8
BRDA:156,3,0,1
BRDA:156,3,1,2
BRDA:156,4,0,3
BRDA:156,4,1,1
BRDA:163,5,0,2
BRDA:163,5,1,6
BRDA:167,6,0,1
BRDA:167,6,1,5
BRDA:167,7,0,6
BRDA:167,7,1,2
BRF:16
BRH:16
end_of_record
TN:
SF:/Users/ds/Desktop/partner-cert-dashboard/src/components/cert-details/certDetails.jsx
FN:10,(anonymous_0)
FN:16,(anonymous_1)
FN:21,(anonymous_2)
FN:32,(anonymous_3)
FN:45,(anonymous_4)
FN:50,(anonymous_5)
FN:236,(anonymous_6)
FNF:7
FNH:7
FNDA:6,(anonymous_0)
FNDA:2,(anonymous_1)
FNDA:4,(anonymous_2)
FNDA:3,(anonymous_3)
FNDA:1,(anonymous_4)
FNDA:7,(anonymous_5)
FNDA:1,(anonymous_6)
DA:11,6
DA:12,6
DA:13,6
DA:17,2
DA:22,4
DA:23,4
DA:33,3
DA:34,2
DA:36,2
DA:37,2
DA:38,2
DA:39,2
DA:40,2
DA:41,2
DA:42,2
DA:46,1
DA:51,7
DA:150,7
DA:236,1
LF:19
LH:19
BRDA:33,0,0,2
BRDA:33,0,1,1
BRDA:33,1,0,3
BRDA:33,1,1,2
BRDA:51,2,0,0
BRDA:51,2,1,7
BRDA:52,3,0,7
BRDA:52,3,1,7
BRDA:64,4,0,7
BRDA:64,4,1,0
BRDA:64,5,0,7
BRDA:64,5,1,7
BRDA:74,6,0,7
BRDA:74,6,1,0
BRDA:74,7,0,7
BRDA:74,7,1,7
BRDA:84,8,0,7
BRDA:84,8,1,0
BRDA:84,9,0,7
BRDA:84,9,1,7
BRDA:95,10,0,7
BRDA:95,10,1,0
BRDA:95,11,0,7
BRDA:95,11,1,7
BRDA:106,12,0,7
BRDA:106,12,1,0
BRDA:106,13,0,7
BRDA:106,13,1,7
BRDA:117,14,0,7
BRDA:117,14,1,0
BRDA:117,15,0,7
BRDA:117,15,1,7
BRDA:128,16,0,7
BRDA:128,16,1,0
BRDA:128,17,0,7
BRDA:128,17,1,7
BRDA:139,18,0,7
BRDA:139,18,1,0
BRDA:139,19,0,7
BRDA:139,19,1,7
BRDA:164,20,0,7
BRDA:164,20,1,0
BRDA:196,21,0,7
BRDA:196,21,1,7
BRDA:209,22,0,7
BRDA:209,22,1,7
BRDA:238,23,0,7
BRDA:238,23,1,7
BRF:48
BRH:38
end_of_record
TN:
SF:/Users/ds/Desktop/partner-cert-dashboard/src/components/fileUpload/fileUploadModal.js
FNF:0
FNH:0
LF:0
LH:0
BRF:0
BRH:0
end_of_record
TN:
SF:/Users/ds/Desktop/partner-cert-dashboard/src/components/search-Certificate/SearchCertificates.js
FN:21,(anonymous_0)
FN:48,(anonymous_1)
FN:55,(anonymous_2)
FN:77,(anonymous_3)
FN:82,(anonymous_4)
FN:88,(anonymous_5)
FN:93,(anonymous_6)
FN:99,(anonymous_7)
FN:105,(anonymous_8)
FN:113,(anonymous_9)
FN:124,(anonymous_10)
FN:127,(anonymous_11)
FN:141,(anonymous_12)
FN:162,(anonymous_13)
FN:168,(anonymous_14)
FN:181,(anonymous_15)
FN:189,(anonymous_16)
FN:205,(anonymous_17)
FN:252,(anonymous_18)
FN:257,(anonymous_19)
FNF:20
FNH:12
FNDA:8,(anonymous_0)
FNDA:2,(anonymous_1)
FNDA:7,(anonymous_2)
FNDA:1,(anonymous_3)
FNDA:1,(anonymous_4)
FNDA:3,(anonymous_5)
FNDA:1,(anonymous_6)
FNDA:2,(anonymous_7)
FNDA:1,(anonymous_8)
FNDA:0,(anonymous_9)
FNDA:2,(anonymous_10)
FNDA:0,(anonymous_11)
FNDA:26,(anonymous_12)
FNDA:0,(anonymous_13)
FNDA:0,(anonymous_14)
FNDA:0,(anonymous_15)
FNDA:0,(anonymous_16)
FNDA:24,(anonymous_17)
FNDA:0,(anonymous_18)
FNDA:0,(anonymous_19)
DA:22,8
DA:23,8
DA:32,8
DA:33,8
DA:34,8
DA:36,8
DA:37,8
DA:49,2
DA:56,7
DA:57,7
DA:58,7
DA:59,2
DA:60,5
DA:61,1
DA:62,4
DA:63,1
DA:64,3
DA:65,2
DA:68,7
DA:69,1
DA:72,6
DA:73,2
DA:78,1
DA:83,1
DA:86,4
DA:89,3
DA:94,1
DA:100,2
DA:101,1
DA:106,1
DA:107,1
DA:114,0
DA:117,1
DA:125,2
DA:127,0
DA:142,26
DA:151,26
DA:162,0
DA:169,0
DA:182,0
DA:190,0
DA:206,24
DA:252,0
DA:257,0
LF:44
LH:36
BRDA:58,0,0,2
BRDA:58,0,1,5
BRDA:60,1,0,1
BRDA:60,1,1,4
BRDA:62,2,0,1
BRDA:62,2,1,3
BRDA:64,3,0,2
BRDA:64,3,1,1
BRDA:68,4,0,1
BRDA:68,4,1,6
BRDA:72,5,0,2
BRDA:72,5,1,4
BRDA:72,6,0,6
BRDA:72,6,1,6
BRDA:100,7,0,1
BRDA:100,7,1,1
BRDA:272,8,0,5
BRDA:272,8,1,19
BRF:18
BRH:18
end_of_record
TN:
SF:/Users/ds/Desktop/partner-cert-dashboard/src/components/side-navigation/sideBarNavigation.js
FN:17,(anonymous_0)
FN:29,(anonymous_1)
FN:37,(anonymous_2)
FN:48,(anonymous_3)
FN:74,(anonymous_4)
FN:85,(anonymous_5)
FNF:6
FNH:6
FNDA:5,(anonymous_0)
FNDA:5,(anonymous_1)
FNDA:16,(anonymous_2)
FNDA:13,(anonymous_3)
FNDA:1,(anonymous_4)
FNDA:1,(anonymous_5)
DA:10,1
DA:18,5
DA:19,5
DA:25,5
DA:26,5
DA:30,5
DA:38,16
DA:40,9
DA:42,4
DA:44,3
DA:49,13
DA:74,1
DA:85,1
LF:13
LH:13
BRDA:32,0,0,2
BRDA:32,0,1,3
BRDA:33,1,0,3
BRDA:33,1,1,2
BRDA:38,2,0,9
BRDA:38,2,1,4
BRDA:38,2,2,3
BRF:7
BRH:7
end_of_record
TN:
SF:/Users/ds/Desktop/partner-cert-dashboard/src/components/status-card/StatusCard.jsx
FN:10,(anonymous_0)
FN:22,(anonymous_1)
FN:28,(anonymous_2)
FN:36,(anonymous_3)
FN:49,(anonymous_4)
FN:60,(anonymous_5)
FN:72,(anonymous_6)
FN:78,(anonymous_7)
FN:136,(anonymous_8)
FN:189,(anonymous_9)
FN:237,(anonymous_10)
FNF:11
FNH:11
FNDA:9,(anonymous_0)
FNDA:6,(anonymous_1)
FNDA:3,(anonymous_2)
FNDA:2,(anonymous_3)
FNDA:3,(anonymous_4)
FNDA:2,(anonymous_5)
FNDA:1,(anonymous_6)
FNDA:14,(anonymous_7)
FNDA:1,(anonymous_8)
FNDA:1,(anonymous_9)
FNDA:42,(anonymous_10)
DA:11,9
DA:13,9
DA:18,9
DA:19,9
DA:23,6
DA:24,5
DA:29,3
DA:30,3
DA:38,2
DA:41,1
DA:50,3
DA:51,3
DA:61,2
DA:62,1
DA:64,1
DA:65,1
DA:66,1
DA:67,1
DA:68,1
DA:69,1
DA:74,1
DA:79,14
DA:136,1
DA:189,1
DA:238,42
LF:25
LH:25
BRDA:23,0,0,5
BRDA:23,0,1,1
BRDA:61,1,0,1
BRDA:61,1,1,1
BRDA:61,2,0,2
BRDA:61,2,1,1
BRDA:128,3,0,12
BRDA:128,3,1,2
BRDA:181,4,0,12
BRDA:181,4,1,2
BRF:10
BRH:10
end_of_record
TN:
SF:/Users/ds/Desktop/partner-cert-dashboard/src/components/status-card-group/StatusCardGroup.jsx
FN:15,(anonymous_0)
FN:26,(anonymous_1)
FN:27,(anonymous_2)
FN:36,(anonymous_3)
FN:38,(anonymous_4)
FN:56,(anonymous_5)
FN:58,(anonymous_6)
FN:66,(anonymous_7)
FN:71,(anonymous_8)
FN:78,(anonymous_9)
FN:81,(anonymous_10)
FNF:11
FNH:11
FNDA:4,(anonymous_0)
FNDA:5,(anonymous_1)
FNDA:2,(anonymous_2)
FNDA:15,(anonymous_3)
FNDA:15,(anonymous_4)
FNDA:4,(anonymous_5)
FNDA:4,(anonymous_6)
FNDA:4,(anonymous_7)
FNDA:1,(anonymous_8)
FNDA:13,(anonymous_9)
FNDA:1,(anonymous_10)
DA:16,4
DA:18,4
DA:26,5
DA:27,4
DA:28,2
DA:30,4
DA:31,4
DA:32,4
DA:37,15
DA:38,15
DA:39,15
DA:41,15
DA:42,15
DA:43,15
DA:44,15
DA:46,15
DA:47,10
DA:49,5
DA:51,15
DA:53,15
DA:57,4
DA:58,4
DA:60,4
DA:61,3
DA:62,3
DA:67,4
DA:71,1
DA:79,13
DA:80,13
DA:82,1
DA:85,13
LF:31
LH:31
BRDA:46,0,0,10
BRDA:46,0,1,5
BRDA:60,1,0,3
BRDA:60,1,1,1
BRDA:156,2,0,13
BRDA:156,2,1,13
BRF:6
BRH:6
end_of_record
TN:
SF:/Users/ds/Desktop/partner-cert-dashboard/src/components/tile/Tile.jsx
FN:4,Card
FNF:1
FNH:1
FNDA:1,Card
DA:5,1
LF:1
LH:1
BRF:0
BRH:0
end_of_record
TN:
SF:/Users/ds/Desktop/partner-cert-dashboard/src/components/tile-group/TileGroup.jsx
FN:9,(anonymous_0)
FN:15,(anonymous_1)
FN:21,(anonymous_2)
FN:32,(anonymous_3)
FNF:4
FNH:4
FNDA:1,(anonymous_0)
FNDA:1,(anonymous_1)
FNDA:3,(anonymous_2)
FNDA:1,(anonymous_3)
DA:10,1
DA:12,1
DA:16,1
DA:18,1
DA:22,3
DA:32,1
LF:6
LH:6
BRF:0
BRH:0
end_of_record
TN:
SF:/Users/ds/Desktop/partner-cert-dashboard/src/js/widgets/certificateDashboard/Dashboard.jsx
FN:28,(anonymous_0)
FN:37,(anonymous_1)
FNF:2
FNH:1
FNDA:0,(anonymous_0)
FNDA:1,(anonymous_1)
DA:18,1
DA:22,1
DA:29,0
DA:38,1
LF:4
LH:3
BRF:0
BRH:0
end_of_record
TN:
SF:/Users/ds/Desktop/partner-cert-dashboard/src/js/widgets/certificateDashboard/service/Activator.jsx
FN:23,(anonymous_0)
FN:30,(anonymous_1)
FNF:2
FNH:2
FNDA:2,(anonymous_0)
FNDA:2,(anonymous_1)
DA:4,2
DA:6,2
DA:14,2
DA:24,2
DA:27,2
DA:31,2
DA:32,2
DA:33,2
DA:35,2
DA:36,2
DA:37,2
DA:39,2
DA:40,2
DA:42,2
DA:43,1
DA:44,1
LF:16
LH:16
BRDA:27,0,0,2
BRDA:27,0,1,2
BRDA:42,1,0,1
BRDA:42,1,1,1
BRF:4
BRH:4
end_of_record
TN:
SF:/Users/ds/Desktop/partner-cert-dashboard/src/redux/reducers/index.js
FNF:0
FNH:0
LF:0
LH:0
BRF:0
BRH:0
end_of_record
TN:
SF:/Users/ds/Desktop/partner-cert-dashboard/src/redux/store/index.js
FNF:0
FNH:0
DA:5,1
LF:1
LH:1
BRDA:7,0,0,1
BRDA:7,0,1,0
BRF:2
BRH:1
end_of_record
TN:
SF:/Users/ds/Desktop/partner-cert-dashboard/src/utils/AppUtils.js
FN:9,(anonymous_0)
FN:11,(anonymous_1)
FN:20,(anonymous_2)
FN:23,(anonymous_3)
FN:27,(anonymous_4)
FNF:5
FNH:5
FNDA:1,(anonymous_0)
FNDA:5,(anonymous_1)
FNDA:1,(anonymous_2)
FNDA:31,(anonymous_3)
FNDA:1,(anonymous_4)
DA:3,1
DA:4,1
DA:5,1
DA:6,1
DA:7,1
DA:9,1
DA:10,1
DA:11,1
DA:12,5
DA:13,5
DA:14,5
DA:17,1
DA:20,1
DA:21,1
DA:23,31
DA:27,1
DA:28,1
DA:29,1
LF:18
LH:18
BRDA:13,0,0,3
BRDA:13,0,1,2
BRF:2
BRH:2
end_of_record
